07:01:33 **** Incremental Build of configuration Debug for project control_ecu ****
make all 
Building file: ../control.c
Invoking: AVR Compiler
avr-gcc -Wall -g2 -gstabs -O0 -fpack-struct -fshort-enums -ffunction-sections -fdata-sections -std=gnu99 -funsigned-char -funsigned-bitfields -mmcu=atmega32 -DF_CPU=8000000UL -MMD -MP -MF"control.d" -MT"control.o" -c -o "control.o" "../control.c"
In file included from ../control.c:20:
c:/winavr-20100110/lib/gcc/../../avr/include/util/delay.h:90:3: warning: #warning "Compiler optimizations disabled; functions from <util/delay.h> won't work as designed"
Finished building: ../control.c
 
Building file: ../main.c
Invoking: AVR Compiler
avr-gcc -Wall -g2 -gstabs -O0 -fpack-struct -fshort-enums -ffunction-sections -fdata-sections -std=gnu99 -funsigned-char -funsigned-bitfields -mmcu=atmega32 -DF_CPU=8000000UL -MMD -MP -MF"main.d" -MT"main.o" -c -o "main.o" "../main.c"
Finished building: ../main.c
 
Building target: control_ecu.elf
Invoking: AVR C Linker
avr-gcc -Wl,-Map,control_ecu.map -mmcu=atmega32 -o "control_ecu.elf"  ./buzzer.o ./control.o ./dc_motor.o ./external_eeprom.o ./gpio.o ./main.o ./pwm.o ./timer1.o ./twi.o ./uart.o   
Finished building target: control_ecu.elf
 
Invoking: AVR Create Extended Listing
avr-objdump -h -S control_ecu.elf  >"control_ecu.lss"
Finished building: control_ecu.lss
 
Invoking: Print Size
avr-size --format=avr --mcu=atmega32 control_ecu.elf
AVR Memory Usage
----------------
Device: atmega32

Program:    8500 bytes (25.9% Full)
(.text + .data + .bootloader)

Data:         37 bytes (1.8% Full)
(.data + .bss + .noinit)


Finished building: sizedummy
 

07:01:36 Build Finished. 0 errors, 1 warnings. (took 2s.992ms)

