07:01:39 **** Incremental Build of configuration Debug for project hmi_ecu ****
make all 
Building file: ../human_interface.c
Invoking: AVR Compiler
avr-gcc -Wall -g2 -gstabs -O0 -fpack-struct -fshort-enums -ffunction-sections -fdata-sections -std=gnu99 -funsigned-char -funsigned-bitfields -mmcu=atmega32 -DF_CPU=8000000UL -MMD -MP -MF"human_interface.d" -MT"human_interface.o" -c -o "human_interface.o" "../human_interface.c"
In file included from ../human_interface.c:15:
c:/winavr-20100110/lib/gcc/../../avr/include/util/delay.h:90:3: warning: #warning "Compiler optimizations disabled; functions from <util/delay.h> won't work as designed"
Finished building: ../human_interface.c
 
Building file: ../main.c
Invoking: AVR Compiler
avr-gcc -Wall -g2 -gstabs -O0 -fpack-struct -fshort-enums -ffunction-sections -fdata-sections -std=gnu99 -funsigned-char -funsigned-bitfields -mmcu=atmega32 -DF_CPU=8000000UL -MMD -MP -MF"main.d" -MT"main.o" -c -o "main.o" "../main.c"
Finished building: ../main.c
 
Building target: hmi_ecu.elf
Invoking: AVR C Linker
avr-gcc -Wl,-Map,hmi_ecu.map -mmcu=atmega32 -o "hmi_ecu.elf"  ./gpio.o ./human_interface.o ./keypad.o ./lcd.o ./main.o ./open_door.o ./timer1.o ./uart.o   
Finished building target: hmi_ecu.elf
 
Invoking: AVR Create Extended Listing
avr-objdump -h -S hmi_ecu.elf  >"hmi_ecu.lss"
Finished building: hmi_ecu.lss
 
Invoking: Print Size
avr-size --format=avr --mcu=atmega32 hmi_ecu.elf
AVR Memory Usage
----------------
Device: atmega32

Program:   12174 bytes (37.2% Full)
(.text + .data + .bootloader)

Data:        204 bytes (10.0% Full)
(.data + .bss + .noinit)


Finished building: sizedummy
 
